
Showing logs for build [32mcb-kubecd-environment-pr-177-11-lzxpd-1[0m stage [32mfrom-build-pack[0m and container [32mstep-credential-initializer-8xc4n[0m
{"level":"warn","ts":1583761985.930022,"logger":"fallback-logger","caller":"logging/config.go:69","msg":"Fetch GitHub commit ID from kodata failed: \"ref: refs/heads/0.8.0-**-support-backwards-incompats\" is not a valid GitHub commit ID"}
{"level":"info","ts":1583761985.9323297,"logger":"fallback-logger","caller":"creds-init/main.go:40","msg":"Credentials initialized."}

Showing logs for build [32mcb-kubecd-environment-pr-177-11-lzxpd-1[0m stage [32mfrom-build-pack[0m and container [32mstep-working-dir-initializer-r56q2[0m
{"level":"warn","ts":1583761986.363388,"logger":"fallback-logger","caller":"logging/config.go:69","msg":"Fetch GitHub commit ID from kodata failed: open /var/run/ko/HEAD: no such file or directory"}
{"level":"info","ts":1583761986.3648384,"logger":"fallback-logger","caller":"bash/main.go:64","msg":"Successfully executed command \"sh -c mkdir -p /workspace/source\"; output "}

Showing logs for build [32mcb-kubecd-environment-pr-177-11-lzxpd-1[0m stage [32mfrom-build-pack[0m and container [32mstep-place-tools[0m

Showing logs for build [32mcb-kubecd-environment-pr-177-11-lzxpd-1[0m stage [32mfrom-build-pack[0m and container [32mstep-git-source-cb-kubecd-environment-pr-177-11-lzxpd-ppkbv[0m
{"level":"warn","ts":1583761991.554684,"logger":"fallback-logger","caller":"logging/config.go:69","msg":"Fetch GitHub commit ID from kodata failed: \"ref: refs/heads/0.8.0-**-support-backwards-incompats\" is not a valid GitHub commit ID"}
{"level":"info","ts":1583761992.6326566,"logger":"fallback-logger","caller":"git/git.go:103","msg":"Successfully cloned https://github.com/cb-kubecd/environment-pr-177-118-boot-vault-gke-staging.git @ master in path /workspace/source"}

Showing logs for build [32mcb-kubecd-environment-pr-177-11-lzxpd-1[0m stage [32mfrom-build-pack[0m and container [32mstep-git-merge[0m
Using SHAs from PULL_REFS=master:db42f199b2ca43ece1f17f0e0d62b13f12f0bd6a,4:07c4c95d448a1d978aa36d57e1523607264e9f76
DEBUG: JX_LOG_LEVEL=error LC_ALL=C git fetch origin --unshallow 07c4c95d448a1d978aa36d57e1523607264e9f76: db42f199b2ca43ece1f17f0e0d62b13f12f0bd6a:
DEBUG: ran git fetch --unshallow origin 07c4c95d448a1d978aa36d57e1523607264e9f76: db42f199b2ca43ece1f17f0e0d62b13f12f0bd6a: in 
DEBUG: LC_ALL=C JX_LOG_LEVEL=error git branch
DEBUG: LC_ALL=C JX_LOG_LEVEL=error git checkout master
DEBUG: ran git checkout master in 
DEBUG: LC_ALL=C JX_LOG_LEVEL=error git reset --hard db42f199b2ca43ece1f17f0e0d62b13f12f0bd6a
DEBUG: ran git reset --hard db42f199b2ca43ece1f17f0e0d62b13f12f0bd6a in 
DEBUG: JX_LOG_LEVEL=error LC_ALL=C git clean -fd .
DEBUG: ran clean --force -d . in 
DEBUG: LC_ALL=C JX_LOG_LEVEL=error git merge 07c4c95d448a1d978aa36d57e1523607264e9f76
DEBUG: ran git merge 07c4c95d448a1d978aa36d57e1523607264e9f76 in 
DEBUG: LC_ALL=C JX_LOG_LEVEL=error git log --format=%H%x1f%an%x1f%ae%x1f%cn%x1f%ce%x1f%s%n%b%x1e db42f199b2ca43ece1f17f0e0d62b13f12f0bd6a..HEAD
Merged SHA 07c4c95d448a1d978aa36d57e1523607264e9f76 with commit message 'chore: Promote bdd-nh-1583759461 to version 0.0.1' into base branch master

Showing logs for build [32mcb-kubecd-environment-pr-177-11-lzxpd-1[0m stage [32mfrom-build-pack[0m and container [32mstep-build-helm-build[0m
WARNING: No $CHART_REPOSITORY defined so using the default value of: http://jenkins-x-chartmuseum:8080
Adding missing Helm repo: storage.googleapis.com https://storage.googleapis.com/chartmuseum.jenkins-x.io
WARNING: No secrets found on "helm/repos" due: reading the secret "helm/repos" from vault: no secret "helm/repos" not found in vault
Read credentials for https://storage.googleapis.com/chartmuseum.jenkins-x.io from vault helm/repos
Successfully added Helm repository storage.googleapis.com.
Adding missing Helm repo: jenkins-x-chartmuseum http://jenkins-x-chartmuseum:8080
WARNING: No secrets found on "helm/repos" due: reading the secret "helm/repos" from vault: no secret "helm/repos" not found in vault
Read credentials for http://jenkins-x-chartmuseum:8080 from vault helm/repos
Successfully added Helm repository jenkins-x-chartmuseum.
WARNING: No $CHART_REPOSITORY defined so using the default value of: http://jenkins-x-chartmuseum:8080
Adding missing Helm repo: chartmuseum.jenkins-x.io http://chartmuseum.jenkins-x.io
WARNING: No secrets found on "helm/repos" due: reading the secret "helm/repos" from vault: no secret "helm/repos" not found in vault
Read credentials for http://chartmuseum.jenkins-x.io from vault helm/repos
Successfully added Helm repository chartmuseum.jenkins-x.io.
